<?xml version="1.0" encoding="UTF-8"?>
<!-- Generated by org.testng.reporters.JUnitReportReporter -->
<testsuite hostname="liuze-cyts" name="com.aoyou.app.cases.Case001" tests="1" failures="0" timestamp="10 Dec 2015 08:23:51 GMT" time="19.932" errors="0">
  <testcase name="case001" time="19.932" classname="com.aoyou.app.cases.Case001"/>
</testsuite> <!-- com.aoyou.app.cases.Case001 -->
