<?xml version="1.0" encoding="UTF-8"?>
<!-- Generated by org.testng.reporters.JUnitReportReporter -->
<testsuite hostname="liuze-cyts" name="com.aoyou.app.cases.case1" tests="1" failures="0" timestamp="10 Dec 2015 08:54:35 GMT" time="0.009" errors="0">
  <testcase name="test" time="0.009" classname="com.aoyou.app.cases.case1"/>
</testsuite> <!-- com.aoyou.app.cases.case1 -->
