<?xml version="1.0" encoding="UTF-8"?>
<!-- Generated by org.testng.reporters.JUnitReportReporter -->
<testsuite hostname="liuze-cyts" name="com.aoyou.app.cases.test" tests="1" failures="0" timestamp="10 Dec 2015 06:47:50 GMT" time="35.439" errors="0">
  <testcase name="test1" time="35.439" classname="com.aoyou.app.cases.test"/>
</testsuite> <!-- com.aoyou.app.cases.test -->
