<?xml version="1.0" encoding="UTF-8"?>
<!-- Generated by org.testng.reporters.JUnitReportReporter -->
<testsuite hostname="liuze-cyts" name="com.aoyou.app.cases.Case002" tests="2" failures="0" timestamp="10 Dec 2015 03:29:34 GMT" time="29.382" errors="0">
  <testcase name="case002" time="16.276" classname="com.aoyou.app.cases.Case002"/>
  <testcase name="case002" time="13.106" classname="com.aoyou.app.cases.Case002"/>
</testsuite> <!-- com.aoyou.app.cases.Case002 -->
