<?xml version="1.0" encoding="UTF-8"?>
<!-- Generated by org.testng.reporters.JUnitReportReporter -->
<testsuite hostname="liuze-cyts" name="com.aoyou.app.cases.xa" tests="1" failures="0" timestamp="9 Dec 2015 09:44:28 GMT" time="0.038" errors="0">
  <testcase name="test" time="0.038" classname="com.aoyou.app.cases.xa"/>
</testsuite> <!-- com.aoyou.app.cases.xa -->
